<?xml version="1.0" encoding="UTF-8"?>
<testsuite xmlns:xsi="http://www.w3.org/2001/XMLSchema-instance" xsi:noNamespaceSchemaLocation="https://maven.apache.org/surefire/maven-surefire-plugin/xsd/surefire-test-report.xsd" name="hadoop_wordcount.AppTest" time="0.045" tests="1" errors="0" skipped="0" failures="0">
  <properties>
    <property name="gopherProxySet" value="false"/>
    <property name="awt.toolkit" value="sun.lwawt.macosx.LWCToolkit"/>
    <property name="file.encoding.pkg" value="sun.io"/>
    <property name="java.specification.version" value="1.8"/>
    <property name="sun.cpu.isalist" value=""/>
    <property name="sun.jnu.encoding" value="UTF-8"/>
    <property name="java.class.path" value="/Users/robertotrujillo/dev/hadoop_wordcount/target/test-classes:/Users/robertotrujillo/dev/hadoop_wordcount/target/classes:/Library/Java/JavaVirtualMachines/jdk1.8.0_201.jdk/Contents/Home/lib/tools.jar:/Users/robertotrujillo/.m2/repository/org/apache/hadoop/hadoop-core/1.2.1/hadoop-core-1.2.1.jar:/Users/robertotrujillo/.m2/repository/commons-cli/commons-cli/1.2/commons-cli-1.2.jar:/Users/robertotrujillo/.m2/repository/xmlenc/xmlenc/0.52/xmlenc-0.52.jar:/Users/robertotrujillo/.m2/repository/com/sun/jersey/jersey-core/1.8/jersey-core-1.8.jar:/Users/robertotrujillo/.m2/repository/com/sun/jersey/jersey-json/1.8/jersey-json-1.8.jar:/Users/robertotrujillo/.m2/repository/org/codehaus/jettison/jettison/1.1/jettison-1.1.jar:/Users/robertotrujillo/.m2/repository/stax/stax-api/1.0.1/stax-api-1.0.1.jar:/Users/robertotrujillo/.m2/repository/com/sun/xml/bind/jaxb-impl/2.2.3-1/jaxb-impl-2.2.3-1.jar:/Users/robertotrujillo/.m2/repository/org/codehaus/jackson/jackson-core-asl/1.7.1/jackson-core-asl-1.7.1.jar:/Users/robertotrujillo/.m2/repository/org/codehaus/jackson/jackson-jaxrs/1.7.1/jackson-jaxrs-1.7.1.jar:/Users/robertotrujillo/.m2/repository/org/codehaus/jackson/jackson-xc/1.7.1/jackson-xc-1.7.1.jar:/Users/robertotrujillo/.m2/repository/com/sun/jersey/jersey-server/1.8/jersey-server-1.8.jar:/Users/robertotrujillo/.m2/repository/asm/asm/3.1/asm-3.1.jar:/Users/robertotrujillo/.m2/repository/commons-io/commons-io/2.1/commons-io-2.1.jar:/Users/robertotrujillo/.m2/repository/commons-httpclient/commons-httpclient/3.0.1/commons-httpclient-3.0.1.jar:/Users/robertotrujillo/.m2/repository/commons-codec/commons-codec/1.4/commons-codec-1.4.jar:/Users/robertotrujillo/.m2/repository/org/apache/commons/commons-math/2.1/commons-math-2.1.jar:/Users/robertotrujillo/.m2/repository/commons-configuration/commons-configuration/1.6/commons-configuration-1.6.jar:/Users/robertotrujillo/.m2/repository/commons-collections/commons-collections/3.2.1/commons-collections-3.2.1.jar:/Users/robertotrujillo/.m2/repository/commons-digester/commons-digester/1.8/commons-digester-1.8.jar:/Users/robertotrujillo/.m2/repository/commons-beanutils/commons-beanutils/1.7.0/commons-beanutils-1.7.0.jar:/Users/robertotrujillo/.m2/repository/commons-beanutils/commons-beanutils-core/1.8.0/commons-beanutils-core-1.8.0.jar:/Users/robertotrujillo/.m2/repository/commons-net/commons-net/1.4.1/commons-net-1.4.1.jar:/Users/robertotrujillo/.m2/repository/org/mortbay/jetty/jetty/6.1.26/jetty-6.1.26.jar:/Users/robertotrujillo/.m2/repository/org/mortbay/jetty/servlet-api/2.5-20081211/servlet-api-2.5-20081211.jar:/Users/robertotrujillo/.m2/repository/org/mortbay/jetty/jetty-util/6.1.26/jetty-util-6.1.26.jar:/Users/robertotrujillo/.m2/repository/tomcat/jasper-runtime/5.5.12/jasper-runtime-5.5.12.jar:/Users/robertotrujillo/.m2/repository/tomcat/jasper-compiler/5.5.12/jasper-compiler-5.5.12.jar:/Users/robertotrujillo/.m2/repository/org/mortbay/jetty/jsp-api-2.1/6.1.14/jsp-api-2.1-6.1.14.jar:/Users/robertotrujillo/.m2/repository/org/mortbay/jetty/servlet-api-2.5/6.1.14/servlet-api-2.5-6.1.14.jar:/Users/robertotrujillo/.m2/repository/org/mortbay/jetty/jsp-2.1/6.1.14/jsp-2.1-6.1.14.jar:/Users/robertotrujillo/.m2/repository/ant/ant/1.6.5/ant-1.6.5.jar:/Users/robertotrujillo/.m2/repository/commons-el/commons-el/1.0/commons-el-1.0.jar:/Users/robertotrujillo/.m2/repository/net/java/dev/jets3t/jets3t/0.6.1/jets3t-0.6.1.jar:/Users/robertotrujillo/.m2/repository/hsqldb/hsqldb/1.8.0.10/hsqldb-1.8.0.10.jar:/Users/robertotrujillo/.m2/repository/oro/oro/2.0.8/oro-2.0.8.jar:/Users/robertotrujillo/.m2/repository/org/eclipse/jdt/core/3.1.1/core-3.1.1.jar:/Users/robertotrujillo/.m2/repository/org/codehaus/jackson/jackson-mapper-asl/1.8.8/jackson-mapper-asl-1.8.8.jar:/Users/robertotrujillo/.m2/repository/org/apache/hadoop/hadoop-mapreduce-client-core/2.7.7/hadoop-mapreduce-client-core-2.7.7.jar:/Users/robertotrujillo/.m2/repository/org/apache/hadoop/hadoop-yarn-common/2.7.7/hadoop-yarn-common-2.7.7.jar:/Users/robertotrujillo/.m2/repository/org/apache/hadoop/hadoop-yarn-api/2.7.7/hadoop-yarn-api-2.7.7.jar:/Users/robertotrujillo/.m2/repository/javax/xml/bind/jaxb-api/2.2.2/jaxb-api-2.2.2.jar:/Users/robertotrujillo/.m2/repository/javax/xml/stream/stax-api/1.0-2/stax-api-1.0-2.jar:/Users/robertotrujillo/.m2/repository/javax/activation/activation/1.1/activation-1.1.jar:/Users/robertotrujillo/.m2/repository/org/apache/commons/commons-compress/1.4.1/commons-compress-1.4.1.jar:/Users/robertotrujillo/.m2/repository/org/tukaani/xz/1.0/xz-1.0.jar:/Users/robertotrujillo/.m2/repository/javax/servlet/servlet-api/2.5/servlet-api-2.5.jar:/Users/robertotrujillo/.m2/repository/com/sun/jersey/jersey-client/1.9/jersey-client-1.9.jar:/Users/robertotrujillo/.m2/repository/com/google/inject/guice/3.0/guice-3.0.jar:/Users/robertotrujillo/.m2/repository/javax/inject/javax.inject/1/javax.inject-1.jar:/Users/robertotrujillo/.m2/repository/aopalliance/aopalliance/1.0/aopalliance-1.0.jar:/Users/robertotrujillo/.m2/repository/com/sun/jersey/contribs/jersey-guice/1.9/jersey-guice-1.9.jar:/Users/robertotrujillo/.m2/repository/log4j/log4j/1.2.17/log4j-1.2.17.jar:/Users/robertotrujillo/.m2/repository/com/google/protobuf/protobuf-java/2.5.0/protobuf-java-2.5.0.jar:/Users/robertotrujillo/.m2/repository/org/apache/avro/avro/1.7.4/avro-1.7.4.jar:/Users/robertotrujillo/.m2/repository/com/thoughtworks/paranamer/paranamer/2.3/paranamer-2.3.jar:/Users/robertotrujillo/.m2/repository/org/xerial/snappy/snappy-java/1.0.4.1/snappy-java-1.0.4.1.jar:/Users/robertotrujillo/.m2/repository/org/slf4j/slf4j-api/1.7.10/slf4j-api-1.7.10.jar:/Users/robertotrujillo/.m2/repository/org/slf4j/slf4j-log4j12/1.7.10/slf4j-log4j12-1.7.10.jar:/Users/robertotrujillo/.m2/repository/org/apache/hadoop/hadoop-annotations/2.7.7/hadoop-annotations-2.7.7.jar:/Users/robertotrujillo/.m2/repository/com/google/inject/extensions/guice-servlet/3.0/guice-servlet-3.0.jar:/Users/robertotrujillo/.m2/repository/io/netty/netty/3.6.2.Final/netty-3.6.2.Final.jar:/Users/robertotrujillo/.m2/repository/org/apache/hbase/hbase-client/1.2.0/hbase-client-1.2.0.jar:/Users/robertotrujillo/.m2/repository/org/apache/hbase/hbase-annotations/1.2.0/hbase-annotations-1.2.0.jar:/Users/robertotrujillo/.m2/repository/org/apache/hbase/hbase-common/1.2.0/hbase-common-1.2.0.jar:/Users/robertotrujillo/.m2/repository/org/apache/hbase/hbase-protocol/1.2.0/hbase-protocol-1.2.0.jar:/Users/robertotrujillo/.m2/repository/commons-lang/commons-lang/2.6/commons-lang-2.6.jar:/Users/robertotrujillo/.m2/repository/commons-logging/commons-logging/1.2/commons-logging-1.2.jar:/Users/robertotrujillo/.m2/repository/com/google/guava/guava/12.0.1/guava-12.0.1.jar:/Users/robertotrujillo/.m2/repository/com/google/code/findbugs/jsr305/1.3.9/jsr305-1.3.9.jar:/Users/robertotrujillo/.m2/repository/io/netty/netty-all/4.0.23.Final/netty-all-4.0.23.Final.jar:/Users/robertotrujillo/.m2/repository/org/apache/zookeeper/zookeeper/3.4.6/zookeeper-3.4.6.jar:/Users/robertotrujillo/.m2/repository/org/apache/htrace/htrace-core/3.1.0-incubating/htrace-core-3.1.0-incubating.jar:/Users/robertotrujillo/.m2/repository/org/jruby/jcodings/jcodings/1.0.8/jcodings-1.0.8.jar:/Users/robertotrujillo/.m2/repository/org/jruby/joni/joni/2.1.2/joni-2.1.2.jar:/Users/robertotrujillo/.m2/repository/com/yammer/metrics/metrics-core/2.2.0/metrics-core-2.2.0.jar:/Users/robertotrujillo/.m2/repository/org/apache/hadoop/hadoop-auth/2.5.1/hadoop-auth-2.5.1.jar:/Users/robertotrujillo/.m2/repository/org/apache/httpcomponents/httpclient/4.2.5/httpclient-4.2.5.jar:/Users/robertotrujillo/.m2/repository/org/apache/httpcomponents/httpcore/4.2.4/httpcore-4.2.4.jar:/Users/robertotrujillo/.m2/repository/org/apache/directory/server/apacheds-kerberos-codec/2.0.0-M15/apacheds-kerberos-codec-2.0.0-M15.jar:/Users/robertotrujillo/.m2/repository/org/apache/directory/server/apacheds-i18n/2.0.0-M15/apacheds-i18n-2.0.0-M15.jar:/Users/robertotrujillo/.m2/repository/org/apache/directory/api/api-asn1-api/1.0.0-M20/api-asn1-api-1.0.0-M20.jar:/Users/robertotrujillo/.m2/repository/org/apache/directory/api/api-util/1.0.0-M20/api-util-1.0.0-M20.jar:/Users/robertotrujillo/.m2/repository/org/apache/hadoop/hadoop-common/2.5.1/hadoop-common-2.5.1.jar:/Users/robertotrujillo/.m2/repository/org/apache/commons/commons-math3/3.1.1/commons-math3-3.1.1.jar:/Users/robertotrujillo/.m2/repository/com/jcraft/jsch/0.1.42/jsch-0.1.42.jar:/Users/robertotrujillo/.m2/repository/com/github/stephenc/findbugs/findbugs-annotations/1.3.9-1/findbugs-annotations-1.3.9-1.jar:/Users/robertotrujillo/.m2/repository/junit/junit/4.11/junit-4.11.jar:/Users/robertotrujillo/.m2/repository/org/hamcrest/hamcrest-core/1.3/hamcrest-core-1.3.jar:"/>
    <property name="java.vm.vendor" value="Oracle Corporation"/>
    <property name="sun.arch.data.model" value="64"/>
    <property name="java.vendor.url" value="http://java.oracle.com/"/>
    <property name="user.timezone" value=""/>
    <property name="java.vm.specification.version" value="1.8"/>
    <property name="os.name" value="Mac OS X"/>
    <property name="user.country" value="MX"/>
    <property name="sun.java.launcher" value="SUN_STANDARD"/>
    <property name="sun.boot.library.path" value="/Library/Java/JavaVirtualMachines/jdk1.8.0_201.jdk/Contents/Home/jre/lib"/>
    <property name="sun.java.command" value="/Users/robertotrujillo/dev/hadoop_wordcount/target/surefire/surefirebooter3611306827960190742.jar /Users/robertotrujillo/dev/hadoop_wordcount/target/surefire 2019-08-20T22-11-57_077-jvmRun1 surefire3341908915619770926tmp surefire_04837236489779236113tmp"/>
    <property name="http.nonProxyHosts" value="local|*.local|169.254/16|*.169.254/16"/>
    <property name="surefire.test.class.path" value="/Users/robertotrujillo/dev/hadoop_wordcount/target/test-classes:/Users/robertotrujillo/dev/hadoop_wordcount/target/classes:/Library/Java/JavaVirtualMachines/jdk1.8.0_201.jdk/Contents/Home/lib/tools.jar:/Users/robertotrujillo/.m2/repository/org/apache/hadoop/hadoop-core/1.2.1/hadoop-core-1.2.1.jar:/Users/robertotrujillo/.m2/repository/commons-cli/commons-cli/1.2/commons-cli-1.2.jar:/Users/robertotrujillo/.m2/repository/xmlenc/xmlenc/0.52/xmlenc-0.52.jar:/Users/robertotrujillo/.m2/repository/com/sun/jersey/jersey-core/1.8/jersey-core-1.8.jar:/Users/robertotrujillo/.m2/repository/com/sun/jersey/jersey-json/1.8/jersey-json-1.8.jar:/Users/robertotrujillo/.m2/repository/org/codehaus/jettison/jettison/1.1/jettison-1.1.jar:/Users/robertotrujillo/.m2/repository/stax/stax-api/1.0.1/stax-api-1.0.1.jar:/Users/robertotrujillo/.m2/repository/com/sun/xml/bind/jaxb-impl/2.2.3-1/jaxb-impl-2.2.3-1.jar:/Users/robertotrujillo/.m2/repository/org/codehaus/jackson/jackson-core-asl/1.7.1/jackson-core-asl-1.7.1.jar:/Users/robertotrujillo/.m2/repository/org/codehaus/jackson/jackson-jaxrs/1.7.1/jackson-jaxrs-1.7.1.jar:/Users/robertotrujillo/.m2/repository/org/codehaus/jackson/jackson-xc/1.7.1/jackson-xc-1.7.1.jar:/Users/robertotrujillo/.m2/repository/com/sun/jersey/jersey-server/1.8/jersey-server-1.8.jar:/Users/robertotrujillo/.m2/repository/asm/asm/3.1/asm-3.1.jar:/Users/robertotrujillo/.m2/repository/commons-io/commons-io/2.1/commons-io-2.1.jar:/Users/robertotrujillo/.m2/repository/commons-httpclient/commons-httpclient/3.0.1/commons-httpclient-3.0.1.jar:/Users/robertotrujillo/.m2/repository/commons-codec/commons-codec/1.4/commons-codec-1.4.jar:/Users/robertotrujillo/.m2/repository/org/apache/commons/commons-math/2.1/commons-math-2.1.jar:/Users/robertotrujillo/.m2/repository/commons-configuration/commons-configuration/1.6/commons-configuration-1.6.jar:/Users/robertotrujillo/.m2/repository/commons-collections/commons-collections/3.2.1/commons-collections-3.2.1.jar:/Users/robertotrujillo/.m2/repository/commons-digester/commons-digester/1.8/commons-digester-1.8.jar:/Users/robertotrujillo/.m2/repository/commons-beanutils/commons-beanutils/1.7.0/commons-beanutils-1.7.0.jar:/Users/robertotrujillo/.m2/repository/commons-beanutils/commons-beanutils-core/1.8.0/commons-beanutils-core-1.8.0.jar:/Users/robertotrujillo/.m2/repository/commons-net/commons-net/1.4.1/commons-net-1.4.1.jar:/Users/robertotrujillo/.m2/repository/org/mortbay/jetty/jetty/6.1.26/jetty-6.1.26.jar:/Users/robertotrujillo/.m2/repository/org/mortbay/jetty/servlet-api/2.5-20081211/servlet-api-2.5-20081211.jar:/Users/robertotrujillo/.m2/repository/org/mortbay/jetty/jetty-util/6.1.26/jetty-util-6.1.26.jar:/Users/robertotrujillo/.m2/repository/tomcat/jasper-runtime/5.5.12/jasper-runtime-5.5.12.jar:/Users/robertotrujillo/.m2/repository/tomcat/jasper-compiler/5.5.12/jasper-compiler-5.5.12.jar:/Users/robertotrujillo/.m2/repository/org/mortbay/jetty/jsp-api-2.1/6.1.14/jsp-api-2.1-6.1.14.jar:/Users/robertotrujillo/.m2/repository/org/mortbay/jetty/servlet-api-2.5/6.1.14/servlet-api-2.5-6.1.14.jar:/Users/robertotrujillo/.m2/repository/org/mortbay/jetty/jsp-2.1/6.1.14/jsp-2.1-6.1.14.jar:/Users/robertotrujillo/.m2/repository/ant/ant/1.6.5/ant-1.6.5.jar:/Users/robertotrujillo/.m2/repository/commons-el/commons-el/1.0/commons-el-1.0.jar:/Users/robertotrujillo/.m2/repository/net/java/dev/jets3t/jets3t/0.6.1/jets3t-0.6.1.jar:/Users/robertotrujillo/.m2/repository/hsqldb/hsqldb/1.8.0.10/hsqldb-1.8.0.10.jar:/Users/robertotrujillo/.m2/repository/oro/oro/2.0.8/oro-2.0.8.jar:/Users/robertotrujillo/.m2/repository/org/eclipse/jdt/core/3.1.1/core-3.1.1.jar:/Users/robertotrujillo/.m2/repository/org/codehaus/jackson/jackson-mapper-asl/1.8.8/jackson-mapper-asl-1.8.8.jar:/Users/robertotrujillo/.m2/repository/org/apache/hadoop/hadoop-mapreduce-client-core/2.7.7/hadoop-mapreduce-client-core-2.7.7.jar:/Users/robertotrujillo/.m2/repository/org/apache/hadoop/hadoop-yarn-common/2.7.7/hadoop-yarn-common-2.7.7.jar:/Users/robertotrujillo/.m2/repository/org/apache/hadoop/hadoop-yarn-api/2.7.7/hadoop-yarn-api-2.7.7.jar:/Users/robertotrujillo/.m2/repository/javax/xml/bind/jaxb-api/2.2.2/jaxb-api-2.2.2.jar:/Users/robertotrujillo/.m2/repository/javax/xml/stream/stax-api/1.0-2/stax-api-1.0-2.jar:/Users/robertotrujillo/.m2/repository/javax/activation/activation/1.1/activation-1.1.jar:/Users/robertotrujillo/.m2/repository/org/apache/commons/commons-compress/1.4.1/commons-compress-1.4.1.jar:/Users/robertotrujillo/.m2/repository/org/tukaani/xz/1.0/xz-1.0.jar:/Users/robertotrujillo/.m2/repository/javax/servlet/servlet-api/2.5/servlet-api-2.5.jar:/Users/robertotrujillo/.m2/repository/com/sun/jersey/jersey-client/1.9/jersey-client-1.9.jar:/Users/robertotrujillo/.m2/repository/com/google/inject/guice/3.0/guice-3.0.jar:/Users/robertotrujillo/.m2/repository/javax/inject/javax.inject/1/javax.inject-1.jar:/Users/robertotrujillo/.m2/repository/aopalliance/aopalliance/1.0/aopalliance-1.0.jar:/Users/robertotrujillo/.m2/repository/com/sun/jersey/contribs/jersey-guice/1.9/jersey-guice-1.9.jar:/Users/robertotrujillo/.m2/repository/log4j/log4j/1.2.17/log4j-1.2.17.jar:/Users/robertotrujillo/.m2/repository/com/google/protobuf/protobuf-java/2.5.0/protobuf-java-2.5.0.jar:/Users/robertotrujillo/.m2/repository/org/apache/avro/avro/1.7.4/avro-1.7.4.jar:/Users/robertotrujillo/.m2/repository/com/thoughtworks/paranamer/paranamer/2.3/paranamer-2.3.jar:/Users/robertotrujillo/.m2/repository/org/xerial/snappy/snappy-java/1.0.4.1/snappy-java-1.0.4.1.jar:/Users/robertotrujillo/.m2/repository/org/slf4j/slf4j-api/1.7.10/slf4j-api-1.7.10.jar:/Users/robertotrujillo/.m2/repository/org/slf4j/slf4j-log4j12/1.7.10/slf4j-log4j12-1.7.10.jar:/Users/robertotrujillo/.m2/repository/org/apache/hadoop/hadoop-annotations/2.7.7/hadoop-annotations-2.7.7.jar:/Users/robertotrujillo/.m2/repository/com/google/inject/extensions/guice-servlet/3.0/guice-servlet-3.0.jar:/Users/robertotrujillo/.m2/repository/io/netty/netty/3.6.2.Final/netty-3.6.2.Final.jar:/Users/robertotrujillo/.m2/repository/org/apache/hbase/hbase-client/1.2.0/hbase-client-1.2.0.jar:/Users/robertotrujillo/.m2/repository/org/apache/hbase/hbase-annotations/1.2.0/hbase-annotations-1.2.0.jar:/Users/robertotrujillo/.m2/repository/org/apache/hbase/hbase-common/1.2.0/hbase-common-1.2.0.jar:/Users/robertotrujillo/.m2/repository/org/apache/hbase/hbase-protocol/1.2.0/hbase-protocol-1.2.0.jar:/Users/robertotrujillo/.m2/repository/commons-lang/commons-lang/2.6/commons-lang-2.6.jar:/Users/robertotrujillo/.m2/repository/commons-logging/commons-logging/1.2/commons-logging-1.2.jar:/Users/robertotrujillo/.m2/repository/com/google/guava/guava/12.0.1/guava-12.0.1.jar:/Users/robertotrujillo/.m2/repository/com/google/code/findbugs/jsr305/1.3.9/jsr305-1.3.9.jar:/Users/robertotrujillo/.m2/repository/io/netty/netty-all/4.0.23.Final/netty-all-4.0.23.Final.jar:/Users/robertotrujillo/.m2/repository/org/apache/zookeeper/zookeeper/3.4.6/zookeeper-3.4.6.jar:/Users/robertotrujillo/.m2/repository/org/apache/htrace/htrace-core/3.1.0-incubating/htrace-core-3.1.0-incubating.jar:/Users/robertotrujillo/.m2/repository/org/jruby/jcodings/jcodings/1.0.8/jcodings-1.0.8.jar:/Users/robertotrujillo/.m2/repository/org/jruby/joni/joni/2.1.2/joni-2.1.2.jar:/Users/robertotrujillo/.m2/repository/com/yammer/metrics/metrics-core/2.2.0/metrics-core-2.2.0.jar:/Users/robertotrujillo/.m2/repository/org/apache/hadoop/hadoop-auth/2.5.1/hadoop-auth-2.5.1.jar:/Users/robertotrujillo/.m2/repository/org/apache/httpcomponents/httpclient/4.2.5/httpclient-4.2.5.jar:/Users/robertotrujillo/.m2/repository/org/apache/httpcomponents/httpcore/4.2.4/httpcore-4.2.4.jar:/Users/robertotrujillo/.m2/repository/org/apache/directory/server/apacheds-kerberos-codec/2.0.0-M15/apacheds-kerberos-codec-2.0.0-M15.jar:/Users/robertotrujillo/.m2/repository/org/apache/directory/server/apacheds-i18n/2.0.0-M15/apacheds-i18n-2.0.0-M15.jar:/Users/robertotrujillo/.m2/repository/org/apache/directory/api/api-asn1-api/1.0.0-M20/api-asn1-api-1.0.0-M20.jar:/Users/robertotrujillo/.m2/repository/org/apache/directory/api/api-util/1.0.0-M20/api-util-1.0.0-M20.jar:/Users/robertotrujillo/.m2/repository/org/apache/hadoop/hadoop-common/2.5.1/hadoop-common-2.5.1.jar:/Users/robertotrujillo/.m2/repository/org/apache/commons/commons-math3/3.1.1/commons-math3-3.1.1.jar:/Users/robertotrujillo/.m2/repository/com/jcraft/jsch/0.1.42/jsch-0.1.42.jar:/Users/robertotrujillo/.m2/repository/com/github/stephenc/findbugs/findbugs-annotations/1.3.9-1/findbugs-annotations-1.3.9-1.jar:/Users/robertotrujillo/.m2/repository/junit/junit/4.11/junit-4.11.jar:/Users/robertotrujillo/.m2/repository/org/hamcrest/hamcrest-core/1.3/hamcrest-core-1.3.jar:"/>
    <property name="sun.cpu.endian" value="little"/>
    <property name="user.home" value="/Users/robertotrujillo"/>
    <property name="user.language" value="es"/>
    <property name="java.specification.vendor" value="Oracle Corporation"/>
    <property name="java.home" value="/Library/Java/JavaVirtualMachines/jdk1.8.0_201.jdk/Contents/Home/jre"/>
    <property name="basedir" value="/Users/robertotrujillo/dev/hadoop_wordcount"/>
    <property name="file.separator" value="/"/>
    <property name="line.separator" value="&#10;"/>
    <property name="java.vm.specification.vendor" value="Oracle Corporation"/>
    <property name="java.specification.name" value="Java Platform API Specification"/>
    <property name="java.awt.graphicsenv" value="sun.awt.CGraphicsEnvironment"/>
    <property name="surefire.real.class.path" value="/Users/robertotrujillo/dev/hadoop_wordcount/target/surefire/surefirebooter3611306827960190742.jar"/>
    <property name="sun.boot.class.path" value="/Library/Java/JavaVirtualMachines/jdk1.8.0_201.jdk/Contents/Home/jre/lib/resources.jar:/Library/Java/JavaVirtualMachines/jdk1.8.0_201.jdk/Contents/Home/jre/lib/rt.jar:/Library/Java/JavaVirtualMachines/jdk1.8.0_201.jdk/Contents/Home/jre/lib/sunrsasign.jar:/Library/Java/JavaVirtualMachines/jdk1.8.0_201.jdk/Contents/Home/jre/lib/jsse.jar:/Library/Java/JavaVirtualMachines/jdk1.8.0_201.jdk/Contents/Home/jre/lib/jce.jar:/Library/Java/JavaVirtualMachines/jdk1.8.0_201.jdk/Contents/Home/jre/lib/charsets.jar:/Library/Java/JavaVirtualMachines/jdk1.8.0_201.jdk/Contents/Home/jre/lib/jfr.jar:/Library/Java/JavaVirtualMachines/jdk1.8.0_201.jdk/Contents/Home/jre/classes"/>
    <property name="sun.management.compiler" value="HotSpot 64-Bit Tiered Compilers"/>
    <property name="ftp.nonProxyHosts" value="local|*.local|169.254/16|*.169.254/16"/>
    <property name="java.runtime.version" value="1.8.0_201-b09"/>
    <property name="user.name" value="robertotrujillo"/>
    <property name="path.separator" value=":"/>
    <property name="os.version" value="10.14.5"/>
    <property name="java.endorsed.dirs" value="/Library/Java/JavaVirtualMachines/jdk1.8.0_201.jdk/Contents/Home/jre/lib/endorsed"/>
    <property name="java.runtime.name" value="Java(TM) SE Runtime Environment"/>
    <property name="file.encoding" value="UTF-8"/>
    <property name="java.vm.name" value="Java HotSpot(TM) 64-Bit Server VM"/>
    <property name="localRepository" value="/Users/robertotrujillo/.m2/repository"/>
    <property name="java.vendor.url.bug" value="http://bugreport.sun.com/bugreport/"/>
    <property name="java.io.tmpdir" value="/var/folders/fk/w0gw6qtj3713y5tx6sc0c5f00000gn/T/"/>
    <property name="java.version" value="1.8.0_201"/>
    <property name="user.dir" value="/Users/robertotrujillo/dev/hadoop_wordcount"/>
    <property name="os.arch" value="x86_64"/>
    <property name="java.vm.specification.name" value="Java Virtual Machine Specification"/>
    <property name="java.awt.printerjob" value="sun.lwawt.macosx.CPrinterJob"/>
    <property name="sun.os.patch.level" value="unknown"/>
    <property name="java.library.path" value="/Users/robertotrujillo/Library/Java/Extensions:/Library/Java/Extensions:/Network/Library/Java/Extensions:/System/Library/Java/Extensions:/usr/lib/java:."/>
    <property name="java.vm.info" value="mixed mode"/>
    <property name="java.vendor" value="Oracle Corporation"/>
    <property name="java.vm.version" value="25.201-b09"/>
    <property name="java.ext.dirs" value="/Users/robertotrujillo/Library/Java/Extensions:/Library/Java/JavaVirtualMachines/jdk1.8.0_201.jdk/Contents/Home/jre/lib/ext:/Library/Java/Extensions:/Network/Library/Java/Extensions:/System/Library/Java/Extensions:/usr/lib/java"/>
    <property name="sun.io.unicode.encoding" value="UnicodeBig"/>
    <property name="java.class.version" value="52.0"/>
    <property name="socksNonProxyHosts" value="local|*.local|169.254/16|*.169.254/16"/>
  </properties>
  <testcase name="shouldAnswerWithTrue" classname="hadoop_wordcount.AppTest" time="0.002"/>
</testsuite>